<?xml version="1.0" encoding="UTF-8"?>
<coverage generated="1772551450410" clover="3.2.0">
  <project timestamp="1772551450410" name="All files">
    <metrics statements="135" coveredstatements="122" conditionals="87" coveredconditionals="70" methods="14" coveredmethods="14" elements="236" coveredelements="206" complexity="0" loc="135" ncloc="135" packages="1" files="4" classes="4"/>
    <file name="github-comment.ts" path="/private/tmp/external-contrib-action/src/github-comment.ts">
      <metrics statements="39" coveredstatements="35" conditionals="22" coveredconditionals="19" methods="5" coveredmethods="5"/>
      <line num="1" count="2" type="stmt"/>
      <line num="2" count="2" type="stmt"/>
      <line num="6" count="2" type="stmt"/>
      <line num="12" count="2" type="stmt"/>
      <line num="16" count="9" type="cond" truecount="2" falsecount="0"/>
      <line num="18" count="9" type="cond" truecount="3" falsecount="0"/>
      <line num="20" count="5" type="stmt"/>
      <line num="26" count="3" type="cond" truecount="2" falsecount="1"/>
      <line num="27" count="3" type="stmt"/>
      <line num="34" count="1" type="stmt"/>
      <line num="47" count="1" type="stmt"/>
      <line num="48" count="1" type="stmt"/>
      <line num="49" count="1" type="cond" truecount="1" falsecount="1"/>
      <line num="51" count="0" type="stmt"/>
      <line num="52" count="0" type="stmt"/>
      <line num="63" count="3" type="stmt"/>
      <line num="64" count="3" type="cond" truecount="1" falsecount="1"/>
      <line num="66" count="3" type="stmt"/>
      <line num="67" count="3" type="stmt"/>
      <line num="73" count="3" type="stmt"/>
      <line num="74" count="1" type="cond" truecount="2" falsecount="0"/>
      <line num="77" count="0" type="stmt"/>
      <line num="78" count="0" type="stmt"/>
      <line num="82" count="2" type="stmt"/>
      <line num="87" count="4" type="stmt"/>
      <line num="88" count="4" type="stmt"/>
      <line num="92" count="4" type="cond" truecount="4" falsecount="0"/>
      <line num="93" count="1" type="stmt"/>
      <line num="96" count="4" type="stmt"/>
      <line num="98" count="4" type="cond" truecount="2" falsecount="0"/>
      <line num="99" count="1" type="stmt"/>
      <line num="100" count="1" type="stmt"/>
      <line num="101" count="1" type="stmt"/>
      <line num="105" count="3" type="stmt"/>
      <line num="106" count="3" type="cond" truecount="2" falsecount="0"/>
      <line num="107" count="1" type="stmt"/>
      <line num="108" count="1" type="stmt"/>
      <line num="111" count="2" type="stmt"/>
      <line num="118" count="2" type="stmt"/>
    </file>
    <file name="linear.ts" path="/private/tmp/external-contrib-action/src/linear.ts">
      <metrics statements="54" coveredstatements="46" conditionals="36" coveredconditionals="28" methods="6" coveredmethods="6"/>
      <line num="1" count="2" type="stmt"/>
      <line num="2" count="2" type="stmt"/>
      <line num="5" count="2" type="stmt"/>
      <line num="9" count="8" type="cond" truecount="2" falsecount="0"/>
      <line num="13" count="8" type="stmt"/>
      <line num="29" count="9" type="cond" truecount="2" falsecount="0"/>
      <line num="30" count="9" type="stmt"/>
      <line num="37" count="10" type="stmt"/>
      <line num="43" count="9" type="cond" truecount="2" falsecount="0"/>
      <line num="44" count="1" type="stmt"/>
      <line num="50" count="8" type="stmt"/>
      <line num="58" count="24" type="stmt"/>
      <line num="62" count="24" type="cond" truecount="1" falsecount="1"/>
      <line num="63" count="0" type="stmt"/>
      <line num="66" count="24" type="stmt"/>
      <line num="71" count="24" type="cond" truecount="1" falsecount="1"/>
      <line num="72" count="0" type="stmt"/>
      <line num="75" count="24" type="stmt"/>
      <line num="76" count="24" type="cond" truecount="1" falsecount="1"/>
      <line num="77" count="0" type="stmt"/>
      <line num="80" count="24" type="stmt"/>
      <line num="88" count="8" type="stmt"/>
      <line num="92" count="8" type="cond" truecount="1" falsecount="1"/>
      <line num="93" count="8" type="stmt"/>
      <line num="96" count="0" type="stmt"/>
      <line num="97" count="0" type="stmt"/>
      <line num="100" count="2" type="stmt"/>
      <line num="110" count="11" type="cond" truecount="2" falsecount="0"/>
      <line num="111" count="1" type="stmt"/>
      <line num="112" count="1" type="cond" truecount="4" falsecount="0"/>
      <line num="113" count="1" type="stmt"/>
      <line num="116" count="10" type="stmt"/>
      <line num="119" count="10" type="stmt"/>
      <line num="120" count="9" type="cond" truecount="2" falsecount="0"/>
      <line num="121" count="1" type="stmt"/>
      <line num="122" count="1" type="stmt"/>
      <line num="131" count="8" type="stmt"/>
      <line num="134" count="8" type="stmt"/>
      <line num="135" count="8" type="stmt"/>
      <line num="136" count="8" type="stmt"/>
      <line num="139" count="8" type="stmt"/>
      <line num="140" count="16" type="stmt"/>
      <line num="141" count="16" type="stmt"/>
      <line num="142" count="16" type="stmt"/>
      <line num="144" count="0" type="stmt"/>
      <line num="149" count="8" type="stmt"/>
      <line num="160" count="8" type="stmt"/>
      <line num="162" count="8" type="cond" truecount="1" falsecount="1"/>
      <line num="163" count="0" type="stmt"/>
      <line num="166" count="8" type="stmt"/>
      <line num="167" count="8" type="cond" truecount="1" falsecount="1"/>
      <line num="168" count="0" type="stmt"/>
      <line num="171" count="8" type="stmt"/>
      <line num="173" count="8" type="stmt"/>
    </file>
    <file name="membership.ts" path="/private/tmp/external-contrib-action/src/membership.ts">
      <metrics statements="15" coveredstatements="15" conditionals="8" coveredconditionals="7" methods="1" coveredmethods="1"/>
      <line num="1" count="2" type="stmt"/>
      <line num="4" count="2" type="stmt"/>
      <line num="6" count="2" type="stmt"/>
      <line num="12" count="7" type="cond" truecount="2" falsecount="0"/>
      <line num="13" count="2" type="stmt"/>
      <line num="16" count="5" type="stmt"/>
      <line num="18" count="5" type="stmt"/>
      <line num="19" count="5" type="stmt"/>
      <line num="25" count="1" type="stmt"/>
      <line num="27" count="4" type="stmt"/>
      <line num="29" count="4" type="cond" truecount="2" falsecount="0"/>
      <line num="30" count="2" type="stmt"/>
      <line num="33" count="2" type="cond" truecount="2" falsecount="0"/>
      <line num="36" count="1" type="stmt"/>
      <line num="40" count="1" type="stmt"/>
    </file>
    <file name="slack.ts" path="/private/tmp/external-contrib-action/src/slack.ts">
      <metrics statements="27" coveredstatements="26" conditionals="21" coveredconditionals="16" methods="2" coveredmethods="2"/>
      <line num="1" count="2" type="stmt"/>
      <line num="2" count="2" type="stmt"/>
      <line num="5" count="2" type="stmt"/>
      <line num="11" count="8" type="cond" truecount="2" falsecount="0"/>
      <line num="13" count="8" type="cond" truecount="2" falsecount="0"/>
      <line num="18" count="8" type="cond" truecount="1" falsecount="1"/>
      <line num="20" count="8" type="stmt"/>
      <line num="52" count="8" type="stmt"/>
      <line num="61" count="8" type="cond" truecount="4" falsecount="0"/>
      <line num="62" count="7" type="stmt"/>
      <line num="69" count="8" type="stmt"/>
      <line num="74" count="8" type="stmt"/>
      <line num="77" count="2" type="stmt"/>
      <line num="84" count="8" type="stmt"/>
      <line num="86" count="8" type="cond" truecount="2" falsecount="0"/>
      <line num="87" count="1" type="stmt"/>
      <line num="88" count="1" type="stmt"/>
      <line num="89" count="1" type="stmt"/>
      <line num="92" count="7" type="stmt"/>
      <line num="94" count="7" type="stmt"/>
      <line num="96" count="7" type="stmt"/>
      <line num="102" count="6" type="stmt"/>
      <line num="104" count="1" type="stmt"/>
      <line num="105" count="1" type="cond" truecount="1" falsecount="2"/>
      <line num="107" count="1" type="cond" truecount="2" falsecount="2"/>
      <line num="108" count="1" type="stmt"/>
      <line num="113" count="0" type="stmt"/>
    </file>
  </project>
</coverage>
