{"/private/tmp/external-contrib-action/src/github-comment.ts": {"path":"/private/tmp/external-contrib-action/src/github-comment.ts","statementMap":{"0":{"start":{"line":12,"column":0},"end":{"line":12,"column":16}},"1":{"start":{"line":82,"column":0},"end":{"line":82,"column":7}},"2":{"start":{"line":1,"column":0},"end":{"line":1,"column":38}},"3":{"start":{"line":2,"column":0},"end":{"line":2,"column":42}},"4":{"start":{"line":6,"column":43},"end":{"line":10,"column":2}},"5":{"start":{"line":16,"column":20},"end":{"line":16,"column":66}},"6":{"start":{"line":18,"column":2},"end":{"line":40,"column":3}},"7":{"start":{"line":20,"column":6},"end":{"line":23,"column":8}},"8":{"start":{"line":26,"column":19},"end":{"line":26,"column":75}},"9":{"start":{"line":27,"column":6},"end":{"line":30,"column":8}},"10":{"start":{"line":34,"column":6},"end":{"line":39,"column":8}},"11":{"start":{"line":47,"column":2},"end":{"line":53,"column":3}},"12":{"start":{"line":48,"column":21},"end":{"line":48,"column":73}},"13":{"start":{"line":49,"column":4},"end":{"line":49,"column":34}},"14":{"start":{"line":51,"column":4},"end":{"line":51,"column":67}},"15":{"start":{"line":52,"column":4},"end":{"line":52,"column":21}},"16":{"start":{"line":63,"column":20},"end":{"line":63,"column":38}},"17":{"start":{"line":64,"column":2},"end":{"line":64,"column":31}},"18":{"start":{"line":64,"column":18},"end":{"line":64,"column":31}},"19":{"start":{"line":66,"column":2},"end":{"line":79,"column":3}},"20":{"start":{"line":67,"column":31},"end":{"line":71,"column":6}},"21":{"start":{"line":73,"column":4},"end":{"line":75,"column":6}},"22":{"start":{"line":74,"column":32},"end":{"line":74,"column":68}},"23":{"start":{"line":77,"column":4},"end":{"line":77,"column":82}},"24":{"start":{"line":78,"column":4},"end":{"line":78,"column":17}},"25":{"start":{"line":87,"column":18},"end":{"line":87,"column":42}},"26":{"start":{"line":88,"column":24},"end":{"line":88,"column":53}},"27":{"start":{"line":92,"column":2},"end":{"line":94,"column":3}},"28":{"start":{"line":93,"column":4},"end":{"line":93,"column":64}},"29":{"start":{"line":96,"column":15},"end":{"line":96,"column":47}},"30":{"start":{"line":98,"column":2},"end":{"line":102,"column":3}},"31":{"start":{"line":99,"column":4},"end":{"line":99,"column":88}},"32":{"start":{"line":100,"column":4},"end":{"line":100,"column":35}},"33":{"start":{"line":101,"column":4},"end":{"line":101,"column":11}},"34":{"start":{"line":105,"column":20},"end":{"line":105,"column":87}},"35":{"start":{"line":106,"column":2},"end":{"line":109,"column":3}},"36":{"start":{"line":107,"column":4},"end":{"line":107,"column":97}},"37":{"start":{"line":108,"column":4},"end":{"line":108,"column":11}},"38":{"start":{"line":111,"column":2},"end":{"line":116,"column":5}},"39":{"start":{"line":118,"column":2},"end":{"line":118,"column":87}}},"fnMap":{"0":{"name":"buildComment","decl":{"start":{"line":12,"column":16},"end":{"line":12,"column":28}},"loc":{"start":{"line":14,"column":30},"end":{"line":41,"column":1}}},"1":{"name":"getDisplayName","decl":{"start":{"line":43,"column":15},"end":{"line":43,"column":29}},"loc":{"start":{"line":45,"column":18},"end":{"line":54,"column":1}}},"2":{"name":"isDuplicate","decl":{"start":{"line":56,"column":15},"end":{"line":56,"column":26}},"loc":{"start":{"line":61,"column":16},"end":{"line":80,"column":1}}},"3":{"name":"(anonymous_12)","decl":{"start":{"line":74,"column":6},"end":{"line":74,"column":7}},"loc":{"start":{"line":74,"column":32},"end":{"line":74,"column":68}}},"4":{"name":"postGitHubComment","decl":{"start":{"line":82,"column":22},"end":{"line":82,"column":39}},"loc":{"start":{"line":85,"column":17},"end":{"line":119,"column":1}}}},"branchMap":{"0":{"loc":{"start":{"line":16,"column":20},"end":{"line":16,"column":66}},"type":"cond-expr","locations":[{"start":{"line":16,"column":52},"end":{"line":16,"column":56}},{"start":{"line":16,"column":59},"end":{"line":16,"column":66}}]},"1":{"loc":{"start":{"line":18,"column":2},"end":{"line":40,"column":3}},"type":"switch","locations":[{"start":{"line":19,"column":4},"end":{"line":23,"column":8}},{"start":{"line":25,"column":4},"end":{"line":31,"column":5}},{"start":{"line":33,"column":4},"end":{"line":39,"column":8}}]},"2":{"loc":{"start":{"line":26,"column":19},"end":{"line":26,"column":75}},"type":"binary-expr","locations":[{"start":{"line":26,"column":19},"end":{"line":26,"column":38}},{"start":{"line":26,"column":42},"end":{"line":26,"column":56}},{"start":{"line":26,"column":60},"end":{"line":26,"column":75}}]},"3":{"loc":{"start":{"line":49,"column":11},"end":{"line":49,"column":33}},"type":"binary-expr","locations":[{"start":{"line":49,"column":11},"end":{"line":49,"column":20}},{"start":{"line":49,"column":24},"end":{"line":49,"column":33}}]},"4":{"loc":{"start":{"line":64,"column":2},"end":{"line":64,"column":31}},"type":"if","locations":[{"start":{"line":64,"column":2},"end":{"line":64,"column":31}},{"start":{},"end":{}}]},"5":{"loc":{"start":{"line":74,"column":32},"end":{"line":74,"column":68}},"type":"binary-expr","locations":[{"start":{"line":74,"column":32},"end":{"line":74,"column":38}},{"start":{"line":74,"column":42},"end":{"line":74,"column":68}}]},"6":{"loc":{"start":{"line":92,"column":2},"end":{"line":94,"column":3}},"type":"if","locations":[{"start":{"line":92,"column":2},"end":{"line":94,"column":3}},{"start":{},"end":{}}]},"7":{"loc":{"start":{"line":92,"column":6},"end":{"line":92,"column":51}},"type":"binary-expr","locations":[{"start":{"line":92,"column":6},"end":{"line":92,"column":33}},{"start":{"line":92,"column":37},"end":{"line":92,"column":51}}]},"8":{"loc":{"start":{"line":98,"column":2},"end":{"line":102,"column":3}},"type":"if","locations":[{"start":{"line":98,"column":2},"end":{"line":102,"column":3}},{"start":{},"end":{}}]},"9":{"loc":{"start":{"line":106,"column":2},"end":{"line":109,"column":3}},"type":"if","locations":[{"start":{"line":106,"column":2},"end":{"line":109,"column":3}},{"start":{},"end":{}}]}},"s":{"0":2,"1":2,"2":2,"3":2,"4":2,"5":9,"6":9,"7":5,"8":3,"9":3,"10":1,"11":1,"12":1,"13":1,"14":0,"15":0,"16":3,"17":3,"18":0,"19":3,"20":3,"21":3,"22":1,"23":0,"24":0,"25":4,"26":4,"27":4,"28":1,"29":4,"30":4,"31":1,"32":1,"33":1,"34":3,"35":3,"36":1,"37":1,"38":2,"39":2},"f":{"0":9,"1":1,"2":3,"3":1,"4":4},"b":{"0":[1,8],"1":[5,3,1],"2":[3,1,0],"3":[1,0],"4":[0,3],"5":[1,1],"6":[1,3],"7":[4,1],"8":[1,3],"9":[1,2]}}
,"/private/tmp/external-contrib-action/src/linear.ts": {"path":"/private/tmp/external-contrib-action/src/linear.ts","statementMap":{"0":{"start":{"line":100,"column":0},"end":{"line":100,"column":7}},"1":{"start":{"line":1,"column":0},"end":{"line":1,"column":43}},"2":{"start":{"line":2,"column":0},"end":{"line":2,"column":38}},"3":{"start":{"line":5,"column":24},"end":{"line":5,"column":29}},"4":{"start":{"line":9,"column":4},"end":{"line":11,"column":18}},"5":{"start":{"line":13,"column":2},"end":{"line":25,"column":43}},"6":{"start":{"line":29,"column":20},"end":{"line":29,"column":66}},"7":{"start":{"line":30,"column":2},"end":{"line":30,"column":50}},"8":{"start":{"line":37,"column":18},"end":{"line":41,"column":4}},"9":{"start":{"line":43,"column":2},"end":{"line":48,"column":3}},"10":{"start":{"line":44,"column":4},"end":{"line":47,"column":6}},"11":{"start":{"line":50,"column":2},"end":{"line":50,"column":14}},"12":{"start":{"line":58,"column":25},"end":{"line":60,"column":4}},"13":{"start":{"line":62,"column":2},"end":{"line":64,"column":3}},"14":{"start":{"line":63,"column":4},"end":{"line":63,"column":38}},"15":{"start":{"line":66,"column":18},"end":{"line":69,"column":4}},"16":{"start":{"line":71,"column":2},"end":{"line":73,"column":3}},"17":{"start":{"line":72,"column":4},"end":{"line":72,"column":60}},"18":{"start":{"line":75,"column":16},"end":{"line":75,"column":40}},"19":{"start":{"line":76,"column":2},"end":{"line":78,"column":3}},"20":{"start":{"line":77,"column":4},"end":{"line":77,"column":70}},"21":{"start":{"line":80,"column":2},"end":{"line":80,"column":18}},"22":{"start":{"line":88,"column":17},"end":{"line":90,"column":4}},"23":{"start":{"line":92,"column":2},"end":{"line":94,"column":3}},"24":{"start":{"line":93,"column":4},"end":{"line":93,"column":30}},"25":{"start":{"line":96,"column":2},"end":{"line":96,"column":89}},"26":{"start":{"line":97,"column":2},"end":{"line":97,"column":19}},"27":{"start":{"line":110,"column":2},"end":{"line":114,"column":3}},"28":{"start":{"line":111,"column":4},"end":{"line":111,"column":75}},"29":{"start":{"line":112,"column":4},"end":{"line":112,"column":133}},"30":{"start":{"line":113,"column":4},"end":{"line":113,"column":56}},"31":{"start":{"line":116,"column":17},"end":{"line":116,"column":45}},"32":{"start":{"line":119,"column":20},"end":{"line":119,"column":58}},"33":{"start":{"line":120,"column":2},"end":{"line":128,"column":3}},"34":{"start":{"line":121,"column":4},"end":{"line":121,"column":71}},"35":{"start":{"line":122,"column":4},"end":{"line":127,"column":6}},"36":{"start":{"line":131,"column":18},"end":{"line":131,"column":65}},"37":{"start":{"line":134,"column":29},"end":{"line":134,"column":31}},"38":{"start":{"line":135,"column":26},"end":{"line":135,"column":84}},"39":{"start":{"line":136,"column":2},"end":{"line":136,"column":33}},"40":{"start":{"line":139,"column":2},"end":{"line":146,"column":3}},"41":{"start":{"line":140,"column":4},"end":{"line":145,"column":5}},"42":{"start":{"line":141,"column":22},"end":{"line":141,"column":64}},"43":{"start":{"line":142,"column":6},"end":{"line":142,"column":29}},"44":{"start":{"line":144,"column":6},"end":{"line":144,"column":71}},"45":{"start":{"line":149,"column":23},"end":{"line":158,"column":4}},"46":{"start":{"line":160,"column":17},"end":{"line":160,"column":55}},"47":{"start":{"line":162,"column":2},"end":{"line":164,"column":3}},"48":{"start":{"line":163,"column":4},"end":{"line":163,"column":53}},"49":{"start":{"line":166,"column":16},"end":{"line":166,"column":34}},"50":{"start":{"line":167,"column":2},"end":{"line":169,"column":3}},"51":{"start":{"line":168,"column":4},"end":{"line":168,"column":56}},"52":{"start":{"line":171,"column":2},"end":{"line":171,"column":72}},"53":{"start":{"line":173,"column":2},"end":{"line":178,"column":4}}},"fnMap":{"0":{"name":"buildDescription","decl":{"start":{"line":7,"column":9},"end":{"line":7,"column":25}},"loc":{"start":{"line":7,"column":50},"end":{"line":26,"column":1}}},"1":{"name":"buildTitle","decl":{"start":{"line":28,"column":9},"end":{"line":28,"column":19}},"loc":{"start":{"line":28,"column":44},"end":{"line":31,"column":1}}},"2":{"name":"findDuplicate","decl":{"start":{"line":33,"column":15},"end":{"line":33,"column":28}},"loc":{"start":{"line":35,"column":19},"end":{"line":51,"column":1}}},"3":{"name":"ensureLabel","decl":{"start":{"line":53,"column":15},"end":{"line":53,"column":26}},"loc":{"start":{"line":56,"column":19},"end":{"line":81,"column":1}}},"4":{"name":"resolveStateId","decl":{"start":{"line":83,"column":15},"end":{"line":83,"column":29}},"loc":{"start":{"line":86,"column":19},"end":{"line":98,"column":1}}},"5":{"name":"createLinearIssue","decl":{"start":{"line":100,"column":22},"end":{"line":100,"column":39}},"loc":{"start":{"line":108,"column":17},"end":{"line":179,"column":1}}}},"branchMap":{"0":{"loc":{"start":{"line":9,"column":4},"end":{"line":11,"column":18}},"type":"cond-expr","locations":[{"start":{"line":10,"column":8},"end":{"line":10,"column":71}},{"start":{"line":11,"column":8},"end":{"line":11,"column":18}}]},"1":{"loc":{"start":{"line":15,"column":12},"end":{"line":15,"column":68}},"type":"cond-expr","locations":[{"start":{"line":15,"column":44},"end":{"line":15,"column":58}},{"start":{"line":15,"column":61},"end":{"line":15,"column":68}}]},"2":{"loc":{"start":{"line":29,"column":20},"end":{"line":29,"column":66}},"type":"cond-expr","locations":[{"start":{"line":29,"column":52},"end":{"line":29,"column":56}},{"start":{"line":29,"column":59},"end":{"line":29,"column":66}}]},"3":{"loc":{"start":{"line":43,"column":2},"end":{"line":48,"column":3}},"type":"if","locations":[{"start":{"line":43,"column":2},"end":{"line":48,"column":3}},{"start":{},"end":{}}]},"4":{"loc":{"start":{"line":62,"column":2},"end":{"line":64,"column":3}},"type":"if","locations":[{"start":{"line":62,"column":2},"end":{"line":64,"column":3}},{"start":{},"end":{}}]},"5":{"loc":{"start":{"line":71,"column":2},"end":{"line":73,"column":3}},"type":"if","locations":[{"start":{"line":71,"column":2},"end":{"line":73,"column":3}},{"start":{},"end":{}}]},"6":{"loc":{"start":{"line":76,"column":2},"end":{"line":78,"column":3}},"type":"if","locations":[{"start":{"line":76,"column":2},"end":{"line":78,"column":3}},{"start":{},"end":{}}]},"7":{"loc":{"start":{"line":92,"column":2},"end":{"line":94,"column":3}},"type":"if","locations":[{"start":{"line":92,"column":2},"end":{"line":94,"column":3}},{"start":{},"end":{}}]},"8":{"loc":{"start":{"line":110,"column":2},"end":{"line":114,"column":3}},"type":"if","locations":[{"start":{"line":110,"column":2},"end":{"line":114,"column":3}},{"start":{},"end":{}}]},"9":{"loc":{"start":{"line":112,"column":53},"end":{"line":112,"column":72}},"type":"binary-expr","locations":[{"start":{"line":112,"column":53},"end":{"line":112,"column":62}},{"start":{"line":112,"column":66},"end":{"line":112,"column":72}}]},"10":{"loc":{"start":{"line":112,"column":85},"end":{"line":112,"column":108}},"type":"binary-expr","locations":[{"start":{"line":112,"column":85},"end":{"line":112,"column":98}},{"start":{"line":112,"column":102},"end":{"line":112,"column":108}}]},"11":{"loc":{"start":{"line":120,"column":2},"end":{"line":128,"column":3}},"type":"if","locations":[{"start":{"line":120,"column":2},"end":{"line":128,"column":3}},{"start":{},"end":{}}]},"12":{"loc":{"start":{"line":154,"column":8},"end":{"line":154,"column":38}},"type":"cond-expr","locations":[{"start":{"line":154,"column":20},"end":{"line":154,"column":33}},{"start":{"line":154,"column":36},"end":{"line":154,"column":38}}]},"13":{"loc":{"start":{"line":155,"column":8},"end":{"line":155,"column":40}},"type":"cond-expr","locations":[{"start":{"line":155,"column":21},"end":{"line":155,"column":35}},{"start":{"line":155,"column":38},"end":{"line":155,"column":40}}]},"14":{"loc":{"start":{"line":156,"column":8},"end":{"line":156,"column":56}},"type":"cond-expr","locations":[{"start":{"line":156,"column":24},"end":{"line":156,"column":51}},{"start":{"line":156,"column":54},"end":{"line":156,"column":56}}]},"15":{"loc":{"start":{"line":157,"column":8},"end":{"line":157,"column":34}},"type":"cond-expr","locations":[{"start":{"line":157,"column":18},"end":{"line":157,"column":29}},{"start":{"line":157,"column":32},"end":{"line":157,"column":34}}]},"16":{"loc":{"start":{"line":162,"column":2},"end":{"line":164,"column":3}},"type":"if","locations":[{"start":{"line":162,"column":2},"end":{"line":164,"column":3}},{"start":{},"end":{}}]},"17":{"loc":{"start":{"line":167,"column":2},"end":{"line":169,"column":3}},"type":"if","locations":[{"start":{"line":167,"column":2},"end":{"line":169,"column":3}},{"start":{},"end":{}}]}},"s":{"0":2,"1":2,"2":2,"3":2,"4":8,"5":8,"6":9,"7":9,"8":10,"9":9,"10":1,"11":8,"12":24,"13":24,"14":0,"15":24,"16":24,"17":0,"18":24,"19":24,"20":0,"21":24,"22":8,"23":8,"24":8,"25":0,"26":0,"27":11,"28":1,"29":1,"30":1,"31":10,"32":10,"33":9,"34":1,"35":1,"36":8,"37":8,"38":8,"39":8,"40":8,"41":16,"42":16,"43":16,"44":0,"45":8,"46":8,"47":8,"48":0,"49":8,"50":8,"51":0,"52":8,"53":8},"f":{"0":8,"1":9,"2":10,"3":24,"4":8,"5":11},"b":{"0":[1,7],"1":[7,1],"2":[8,1],"3":[1,8],"4":[0,24],"5":[0,24],"6":[0,24],"7":[8,0],"8":[1,10],"9":[1,1],"10":[1,1],"11":[1,8],"12":[1,7],"13":[1,7],"14":[0,8],"15":[8,0],"16":[0,8],"17":[0,8]}}
,"/private/tmp/external-contrib-action/src/membership.ts": {"path":"/private/tmp/external-contrib-action/src/membership.ts","statementMap":{"0":{"start":{"line":6,"column":0},"end":{"line":6,"column":7}},"1":{"start":{"line":1,"column":0},"end":{"line":1,"column":42}},"2":{"start":{"line":4,"column":19},"end":{"line":4,"column":26}},"3":{"start":{"line":12,"column":2},"end":{"line":14,"column":3}},"4":{"start":{"line":13,"column":4},"end":{"line":13,"column":46}},"5":{"start":{"line":16,"column":18},"end":{"line":16,"column":42}},"6":{"start":{"line":18,"column":2},"end":{"line":43,"column":3}},"7":{"start":{"line":19,"column":4},"end":{"line":22,"column":7}},"8":{"start":{"line":25,"column":4},"end":{"line":25,"column":48}},"9":{"start":{"line":27,"column":16},"end":{"line":27,"column":62}},"10":{"start":{"line":29,"column":4},"end":{"line":31,"column":5}},"11":{"start":{"line":30,"column":6},"end":{"line":30,"column":55}},"12":{"start":{"line":33,"column":4},"end":{"line":37,"column":5}},"13":{"start":{"line":36,"column":6},"end":{"line":36,"column":50}},"14":{"start":{"line":40,"column":4},"end":{"line":42,"column":6}}},"fnMap":{"0":{"name":"checkMembership","decl":{"start":{"line":6,"column":22},"end":{"line":6,"column":37}},"loc":{"start":{"line":9,"column":15},"end":{"line":44,"column":1}}}},"branchMap":{"0":{"loc":{"start":{"line":12,"column":2},"end":{"line":14,"column":3}},"type":"if","locations":[{"start":{"line":12,"column":2},"end":{"line":14,"column":3}},{"start":{},"end":{}}]},"1":{"loc":{"start":{"line":29,"column":4},"end":{"line":31,"column":5}},"type":"if","locations":[{"start":{"line":29,"column":4},"end":{"line":31,"column":5}},{"start":{},"end":{}}]},"2":{"loc":{"start":{"line":33,"column":4},"end":{"line":37,"column":5}},"type":"if","locations":[{"start":{"line":33,"column":4},"end":{"line":37,"column":5}},{"start":{},"end":{}}]},"3":{"loc":{"start":{"line":41,"column":57},"end":{"line":41,"column":87}},"type":"binary-expr","locations":[{"start":{"line":41,"column":57},"end":{"line":41,"column":68}},{"start":{"line":41,"column":72},"end":{"line":41,"column":87}}]}},"s":{"0":2,"1":2,"2":2,"3":7,"4":2,"5":5,"6":5,"7":5,"8":1,"9":4,"10":4,"11":2,"12":2,"13":1,"14":1},"f":{"0":7},"b":{"0":[2,5],"1":[2,2],"2":[1,1],"3":[1,0]}}
,"/private/tmp/external-contrib-action/src/slack.ts": {"path":"/private/tmp/external-contrib-action/src/slack.ts","statementMap":{"0":{"start":{"line":77,"column":0},"end":{"line":77,"column":7}},"1":{"start":{"line":1,"column":0},"end":{"line":1,"column":43}},"2":{"start":{"line":2,"column":0},"end":{"line":2,"column":38}},"3":{"start":{"line":5,"column":32},"end":{"line":5,"column":35}},"4":{"start":{"line":11,"column":20},"end":{"line":11,"column":76}},"5":{"start":{"line":13,"column":4},"end":{"line":15,"column":18}},"6":{"start":{"line":18,"column":4},"end":{"line":18,"column":62}},"7":{"start":{"line":20,"column":44},"end":{"line":49,"column":4}},"8":{"start":{"line":52,"column":45},"end":{"line":59,"column":4}},"9":{"start":{"line":61,"column":2},"end":{"line":67,"column":3}},"10":{"start":{"line":62,"column":4},"end":{"line":66,"column":7}},"11":{"start":{"line":69,"column":2},"end":{"line":72,"column":5}},"12":{"start":{"line":74,"column":2},"end":{"line":74,"column":16}},"13":{"start":{"line":84,"column":17},"end":{"line":84,"column":49}},"14":{"start":{"line":86,"column":2},"end":{"line":90,"column":3}},"15":{"start":{"line":87,"column":4},"end":{"line":87,"column":69}},"16":{"start":{"line":88,"column":4},"end":{"line":88,"column":47}},"17":{"start":{"line":89,"column":4},"end":{"line":89,"column":11}},"18":{"start":{"line":92,"column":17},"end":{"line":92,"column":37}},"19":{"start":{"line":94,"column":2},"end":{"line":114,"column":3}},"20":{"start":{"line":96,"column":4},"end":{"line":100,"column":14}},"21":{"start":{"line":102,"column":4},"end":{"line":102,"column":67}},"22":{"start":{"line":104,"column":16},"end":{"line":104,"column":72}},"23":{"start":{"line":105,"column":23},"end":{"line":105,"column":72}},"24":{"start":{"line":107,"column":4},"end":{"line":111,"column":5}},"25":{"start":{"line":108,"column":6},"end":{"line":110,"column":8}},"26":{"start":{"line":113,"column":4},"end":{"line":113,"column":50}}},"fnMap":{"0":{"name":"buildBlocks","decl":{"start":{"line":7,"column":9},"end":{"line":7,"column":20}},"loc":{"start":{"line":9,"column":34},"end":{"line":75,"column":1}}},"1":{"name":"postSlackNotification","decl":{"start":{"line":77,"column":22},"end":{"line":77,"column":43}},"loc":{"start":{"line":82,"column":17},"end":{"line":115,"column":1}}}},"branchMap":{"0":{"loc":{"start":{"line":11,"column":20},"end":{"line":11,"column":76}},"type":"cond-expr","locations":[{"start":{"line":11,"column":52},"end":{"line":11,"column":66}},{"start":{"line":11,"column":69},"end":{"line":11,"column":76}}]},"1":{"loc":{"start":{"line":13,"column":4},"end":{"line":15,"column":18}},"type":"cond-expr","locations":[{"start":{"line":14,"column":8},"end":{"line":14,"column":64}},{"start":{"line":15,"column":8},"end":{"line":15,"column":18}}]},"2":{"loc":{"start":{"line":18,"column":4},"end":{"line":18,"column":62}},"type":"cond-expr","locations":[{"start":{"line":18,"column":30},"end":{"line":18,"column":53}},{"start":{"line":18,"column":56},"end":{"line":18,"column":62}}]},"3":{"loc":{"start":{"line":61,"column":2},"end":{"line":67,"column":3}},"type":"if","locations":[{"start":{"line":61,"column":2},"end":{"line":67,"column":3}},{"start":{},"end":{}}]},"4":{"loc":{"start":{"line":61,"column":6},"end":{"line":61,"column":52}},"type":"binary-expr","locations":[{"start":{"line":61,"column":6},"end":{"line":61,"column":27}},{"start":{"line":61,"column":31},"end":{"line":61,"column":52}}]},"5":{"loc":{"start":{"line":86,"column":2},"end":{"line":90,"column":3}},"type":"if","locations":[{"start":{"line":86,"column":2},"end":{"line":90,"column":3}},{"start":{},"end":{}}]},"6":{"loc":{"start":{"line":99,"column":24},"end":{"line":99,"column":70}},"type":"cond-expr","locations":[{"start":{"line":99,"column":56},"end":{"line":99,"column":60}},{"start":{"line":99,"column":63},"end":{"line":99,"column":70}}]},"7":{"loc":{"start":{"line":105,"column":23},"end":{"line":105,"column":72}},"type":"binary-expr","locations":[{"start":{"line":105,"column":23},"end":{"line":105,"column":38}},{"start":{"line":105,"column":42},"end":{"line":105,"column":53}},{"start":{"line":105,"column":57},"end":{"line":105,"column":72}}]},"8":{"loc":{"start":{"line":107,"column":4},"end":{"line":111,"column":5}},"type":"if","locations":[{"start":{"line":107,"column":4},"end":{"line":111,"column":5}},{"start":{},"end":{}}]},"9":{"loc":{"start":{"line":107,"column":8},"end":{"line":107,"column":77}},"type":"binary-expr","locations":[{"start":{"line":107,"column":8},"end":{"line":107,"column":42}},{"start":{"line":107,"column":46},"end":{"line":107,"column":77}}]}},"s":{"0":2,"1":2,"2":2,"3":2,"4":8,"5":8,"6":8,"7":8,"8":8,"9":8,"10":7,"11":8,"12":8,"13":8,"14":8,"15":1,"16":1,"17":1,"18":7,"19":7,"20":7,"21":6,"22":1,"23":1,"24":1,"25":1,"26":0},"f":{"0":8,"1":8},"b":{"0":[7,1],"1":[1,7],"2":[8,0],"3":[7,1],"4":[8,7],"5":[1,7],"6":[6,1],"7":[1,0,0],"8":[1,0],"9":[1,0]}}
}
