TN:
SF:src/github-comment.ts
FN:12,buildComment
FN:43,getDisplayName
FN:56,isDuplicate
FN:74,(anonymous_12)
FN:82,postGitHubComment
FNF:5
FNH:5
FNDA:9,buildComment
FNDA:1,getDisplayName
FNDA:3,isDuplicate
FNDA:1,(anonymous_12)
FNDA:4,postGitHubComment
DA:1,2
DA:2,2
DA:6,2
DA:12,2
DA:16,9
DA:18,9
DA:20,5
DA:26,3
DA:27,3
DA:34,1
DA:47,1
DA:48,1
DA:49,1
DA:51,0
DA:52,0
DA:63,3
DA:64,3
DA:66,3
DA:67,3
DA:73,3
DA:74,1
DA:77,0
DA:78,0
DA:82,2
DA:87,4
DA:88,4
DA:92,4
DA:93,1
DA:96,4
DA:98,4
DA:99,1
DA:100,1
DA:101,1
DA:105,3
DA:106,3
DA:107,1
DA:108,1
DA:111,2
DA:118,2
LF:39
LH:35
BRDA:16,0,0,1
BRDA:16,0,1,8
BRDA:18,1,0,5
BRDA:18,1,1,3
BRDA:18,1,2,1
BRDA:26,2,0,3
BRDA:26,2,1,1
BRDA:26,2,2,0
BRDA:49,3,0,1
BRDA:49,3,1,0
BRDA:64,4,0,0
BRDA:64,4,1,3
BRDA:74,5,0,1
BRDA:74,5,1,1
BRDA:92,6,0,1
BRDA:92,6,1,3
BRDA:92,7,0,4
BRDA:92,7,1,1
BRDA:98,8,0,1
BRDA:98,8,1,3
BRDA:106,9,0,1
BRDA:106,9,1,2
BRF:22
BRH:19
end_of_record
TN:
SF:src/linear.ts
FN:7,buildDescription
FN:28,buildTitle
FN:33,findDuplicate
FN:53,ensureLabel
FN:83,resolveStateId
FN:100,createLinearIssue
FNF:6
FNH:6
FNDA:8,buildDescription
FNDA:9,buildTitle
FNDA:10,findDuplicate
FNDA:24,ensureLabel
FNDA:8,resolveStateId
FNDA:11,createLinearIssue
DA:1,2
DA:2,2
DA:5,2
DA:9,8
DA:13,8
DA:29,9
DA:30,9
DA:37,10
DA:43,9
DA:44,1
DA:50,8
DA:58,24
DA:62,24
DA:63,0
DA:66,24
DA:71,24
DA:72,0
DA:75,24
DA:76,24
DA:77,0
DA:80,24
DA:88,8
DA:92,8
DA:93,8
DA:96,0
DA:97,0
DA:100,2
DA:110,11
DA:111,1
DA:112,1
DA:113,1
DA:116,10
DA:119,10
DA:120,9
DA:121,1
DA:122,1
DA:131,8
DA:134,8
DA:135,8
DA:136,8
DA:139,8
DA:140,16
DA:141,16
DA:142,16
DA:144,0
DA:149,8
DA:160,8
DA:162,8
DA:163,0
DA:166,8
DA:167,8
DA:168,0
DA:171,8
DA:173,8
LF:54
LH:46
BRDA:9,0,0,1
BRDA:9,0,1,7
BRDA:15,1,0,7
BRDA:15,1,1,1
BRDA:29,2,0,8
BRDA:29,2,1,1
BRDA:43,3,0,1
BRDA:43,3,1,8
BRDA:62,4,0,0
BRDA:62,4,1,24
BRDA:71,5,0,0
BRDA:71,5,1,24
BRDA:76,6,0,0
BRDA:76,6,1,24
BRDA:92,7,0,8
BRDA:92,7,1,0
BRDA:110,8,0,1
BRDA:110,8,1,10
BRDA:112,9,0,1
BRDA:112,9,1,1
BRDA:112,10,0,1
BRDA:112,10,1,1
BRDA:120,11,0,1
BRDA:120,11,1,8
BRDA:154,12,0,1
BRDA:154,12,1,7
BRDA:155,13,0,1
BRDA:155,13,1,7
BRDA:156,14,0,0
BRDA:156,14,1,8
BRDA:157,15,0,8
BRDA:157,15,1,0
BRDA:162,16,0,0
BRDA:162,16,1,8
BRDA:167,17,0,0
BRDA:167,17,1,8
BRF:36
BRH:28
end_of_record
TN:
SF:src/membership.ts
FN:6,checkMembership
FNF:1
FNH:1
FNDA:7,checkMembership
DA:1,2
DA:4,2
DA:6,2
DA:12,7
DA:13,2
DA:16,5
DA:18,5
DA:19,5
DA:25,1
DA:27,4
DA:29,4
DA:30,2
DA:33,2
DA:36,1
DA:40,1
LF:15
LH:15
BRDA:12,0,0,2
BRDA:12,0,1,5
BRDA:29,1,0,2
BRDA:29,1,1,2
BRDA:33,2,0,1
BRDA:33,2,1,1
BRDA:41,3,0,1
BRDA:41,3,1,0
BRF:8
BRH:7
end_of_record
TN:
SF:src/slack.ts
FN:7,buildBlocks
FN:77,postSlackNotification
FNF:2
FNH:2
FNDA:8,buildBlocks
FNDA:8,postSlackNotification
DA:1,2
DA:2,2
DA:5,2
DA:11,8
DA:13,8
DA:18,8
DA:20,8
DA:52,8
DA:61,8
DA:62,7
DA:69,8
DA:74,8
DA:77,2
DA:84,8
DA:86,8
DA:87,1
DA:88,1
DA:89,1
DA:92,7
DA:94,7
DA:96,7
DA:102,6
DA:104,1
DA:105,1
DA:107,1
DA:108,1
DA:113,0
LF:27
LH:26
BRDA:11,0,0,7
BRDA:11,0,1,1
BRDA:13,1,0,1
BRDA:13,1,1,7
BRDA:18,2,0,8
BRDA:18,2,1,0
BRDA:61,3,0,7
BRDA:61,3,1,1
BRDA:61,4,0,8
BRDA:61,4,1,7
BRDA:86,5,0,1
BRDA:86,5,1,7
BRDA:99,6,0,6
BRDA:99,6,1,1
BRDA:105,7,0,1
BRDA:105,7,1,0
BRDA:105,7,2,0
BRDA:107,8,0,1
BRDA:107,8,1,0
BRDA:107,9,0,1
BRDA:107,9,1,0
BRF:21
BRH:16
end_of_record
